# JRE version: OpenJDK Runtime Environment (11.0.15) (build 11.0.15+0-b2043.56-9505619)
# Java VM: OpenJDK 64-Bit Server VM (11.0.15+0-b2043.56-9505619, mixed mode, tiered, compressed oops, g1 gc, windows-amd64)
Heap:
 garbage-first heap   total 715776K, used 335639K [0x0000000080000000, 0x0000000100000000)
  region size 1024K, 2 young (2048K), 2 survivors (2048K)
 Metaspace       used 192710K, capacity 198830K, committed 198864K, reserved 1222656K
  class space    used 23171K, capacity 25373K, committed 25376K, reserved 1048576K
GC Heap History (20 events):
Event: 6781.575 GC heap after
{Heap after GC invocations=223 (full 0):
 garbage-first heap   total 463872K, used 257644K [0x0000000080000000, 0x0000000100000000)
  region size 1024K, 3 young (3072K), 3 survivors (3072K)
 Metaspace       used 192482K, capacity 198510K, committed 198608K, reserved 1222656K
  class space    used 23145K, capacity 25326K, committed 25376K, reserved 1048576K
}
Event: 6781.653 GC heap before
{Heap before GC invocations=223 (full 0):
 garbage-first heap   total 463872K, used 288364K [0x0000000080000000, 0x0000000100000000)
  region size 1024K, 34 young (34816K), 3 survivors (3072K)
 Metaspace       used 192487K, capacity 198514K, committed 198608K, reserved 1222656K
  class space    used 23145K, capacity 25327K, committed 25376K, reserved 1048576K
}
Event: 6781.679 GC heap after
{Heap after GC invocations=224 (full 0):
 garbage-first heap   total 463872K, used 266728K [0x0000000080000000, 0x0000000100000000)
  region size 1024K, 12 young (12288K), 12 survivors (12288K)
 Metaspace       used 192487K, capacity 198514K, committed 198608K, reserved 1222656K
  class space    used 23145K, capacity 25327K, committed 25376K, reserved 1048576K
}
Event: 6782.342 GC heap before
{Heap before GC invocations=224 (full 0):
 garbage-first heap   total 463872K, used 352744K [0x0000000080000000, 0x0000000100000000)
  region size 1024K, 93 young (95232K), 12 survivors (12288K)
 Metaspace       used 192521K, capacity 198586K, committed 198864K, reserved 1222656K
  class space    used 23147K, capacity 25330K, committed 25376K, reserved 1048576K
}
Event: 6782.567 GC heap after
{Heap after GC invocations=225 (full 0):
 garbage-first heap   total 463872K, used 296681K [0x0000000080000000, 0x0000000100000000)
  region size 1024K, 12 young (12288K), 12 survivors (12288K)
 Metaspace       used 192521K, capacity 198586K, committed 198864K, reserved 1222656K
  class space    used 23147K, capacity 25330K, committed 25376K, reserved 1048576K
}
Event: 6783.178 GC heap before
{Heap before GC invocations=226 (full 0):
 garbage-first heap   total 463872K, used 360169K [0x0000000080000000, 0x0000000100000000)
  region size 1024K, 75 young (76800K), 12 survivors (12288K)
 Metaspace       used 192583K, capacity 198671K, committed 198864K, reserved 1222656K
  class space    used 23155K, capacity 25345K, committed 25376K, reserved 1048576K
}
Event: 6783.340 GC heap after
{Heap after GC invocations=227 (full 0):
 garbage-first heap   total 463872K, used 322048K [0x0000000080000000, 0x0000000100000000)
  region size 1024K, 10 young (10240K), 10 survivors (10240K)
 Metaspace       used 192583K, capacity 198671K, committed 198864K, reserved 1222656K
  class space    used 23155K, capacity 25345K, committed 25376K, reserved 1048576K
}
Event: 6783.564 GC heap before
{Heap before GC invocations=227 (full 0):
 garbage-first heap   total 463872K, used 333312K [0x0000000080000000, 0x0000000100000000)
  region size 1024K, 22 young (22528K), 10 survivors (10240K)
 Metaspace       used 192594K, capacity 198676K, committed 198864K, reserved 1222656K
  class space    used 23155K, capacity 25345K, committed 25376K, reserved 1048576K
}
Event: 6783.615 GC heap after
{Heap after GC invocations=228 (full 0):
 garbage-first heap   total 463872K, used 324608K [0x0000000080000000, 0x0000000100000000)
  region size 1024K, 3 young (3072K), 3 survivors (3072K)
 Metaspace       used 192594K, capacity 198676K, committed 198864K, reserved 1222656K
  class space    used 23155K, capacity 25345K, committed 25376K, reserved 1048576K
}
Event: 6783.982 GC heap before
{Heap before GC invocations=228 (full 0):
 garbage-first heap   total 463872K, used 361472K [0x0000000080000000, 0x0000000100000000)
  region size 1024K, 41 young (41984K), 3 survivors (3072K)
 Metaspace       used 192596K, capacity 198677K, committed 198864K, reserved 1222656K
  class space    used 23155K, capacity 25345K, committed 25376K, reserved 1048576K
}
Event: 6783.998 GC heap after
{Heap after GC invocations=229 (full 0):
 garbage-first heap   total 463872K, used 328091K [0x0000000080000000, 0x0000000100000000)
  region size 1024K, 7 young (7168K), 7 survivors (7168K)
 Metaspace       used 192596K, capacity 198677K, committed 198864K, reserved 1222656K
  class space    used 23155K, capacity 25345K, committed 25376K, reserved 1048576K
}
Event: 6785.460 GC heap before
{Heap before GC invocations=230 (full 0):
 garbage-first heap   total 463872K, used 378267K [0x0000000080000000, 0x0000000100000000)
  region size 1024K, 54 young (55296K), 7 survivors (7168K)
 Metaspace       used 192599K, capacity 198677K, committed 198864K, reserved 1222656K
  class space    used 23155K, capacity 25345K, committed 25376K, reserved 1048576K
}
Event: 6785.506 GC heap after
{Heap after GC invocations=231 (full 0):
 garbage-first heap   total 463872K, used 334366K [0x0000000080000000, 0x0000000100000000)
  region size 1024K, 5 young (5120K), 5 survivors (5120K)
 Metaspace       used 192599K, capacity 198677K, committed 198864K, reserved 1222656K
  class space    used 23155K, capacity 25345K, committed 25376K, reserved 1048576K
}
Event: 6785.762 GC heap before
{Heap before GC invocations=231 (full 0):
 garbage-first heap   total 463872K, used 357918K [0x0000000080000000, 0x0000000100000000)
  region size 1024K, 22 young (22528K), 5 survivors (5120K)
 Metaspace       used 192599K, capacity 198677K, committed 198864K, reserved 1222656K
  class space    used 23155K, capacity 25345K, committed 25376K, reserved 1048576K
}
Event: 6785.827 GC heap after
{Heap after GC invocations=232 (full 0):
 garbage-first heap   total 463872K, used 325376K [0x0000000080000000, 0x0000000100000000)
  region size 1024K, 3 young (3072K), 3 survivors (3072K)
 Metaspace       used 192599K, capacity 198677K, committed 198864K, reserved 1222656K
  class space    used 23155K, capacity 25345K, committed 25376K, reserved 1048576K
}
Event: 6785.929 GC heap before
{Heap before GC invocations=232 (full 0):
 garbage-first heap   total 463872K, used 378624K [0x0000000080000000, 0x0000000100000000)
  region size 1024K, 55 young (56320K), 3 survivors (3072K)
 Metaspace       used 192599K, capacity 198677K, committed 198864K, reserved 1222656K
  class space    used 23155K, capacity 25345K, committed 25376K, reserved 1048576K
}
Event: 6786.017 GC heap after
{Heap after GC invocations=233 (full 0):
 garbage-first heap   total 463872K, used 337408K [0x0000000080000000, 0x0000000100000000)
  region size 1024K, 7 young (7168K), 7 survivors (7168K)
 Metaspace       used 192599K, capacity 198677K, committed 198864K, reserved 1222656K
  class space    used 23155K, capacity 25345K, committed 25376K, reserved 1048576K
}
Event: 6786.684 GC heap before
{Heap before GC invocations=233 (full 0):
 garbage-first heap   total 463872K, used 393728K [0x0000000080000000, 0x0000000100000000)
  region size 1024K, 53 young (54272K), 7 survivors (7168K)
 Metaspace       used 192599K, capacity 198677K, committed 198864K, reserved 1222656K
  class space    used 23155K, capacity 25345K, committed 25376K, reserved 1048576K
}
Event: 6786.767 GC heap after
{Heap after GC invocations=234 (full 0):
 garbage-first heap   total 463872K, used 345719K [0x0000000080000000, 0x0000000100000000)
  region size 1024K, 1 young (1024K), 1 survivors (1024K)
 Metaspace       used 192599K, capacity 198677K, committed 198864K, reserved 1222656K
  class space    used 23155K, capacity 25345K, committed 25376K, reserved 1048576K
}
Event: 6835.916 GC heap before
{Heap before GC invocations=235 (full 0):
 garbage-first heap   total 463872K, used 407159K [0x0000000080000000, 0x0000000100000000)
  region size 1024K, 46 young (47104K), 1 survivors (1024K)
 Metaspace       used 192710K, capacity 198830K, committed 198864K, reserved 1222656K
  class space    used 23171K, capacity 25373K, committed 25376K, reserved 1048576K
}

